# JRE version: OpenJDK Runtime Environment (17.0.9) (build 17.0.9+0--11185874)
# Java VM: OpenJDK 64-Bit Server VM (17.0.9+0--11185874, mixed mode, tiered, compressed oops, compressed class ptrs, g1 gc, windows-amd64)
GC Precious Log:
 CPUs: 8 total, 8 available
 Memory: 8038M
 Large Page Support: Disabled
 NUMA Support: Disabled
 Compressed Oops: Enabled (32-bit)
 Heap Region Size: 1M
 Heap Min Capacity: 8M
 Heap Initial Capacity: 126M
 Heap Max Capacity: 2G
 Pre-touch: Disabled
 Parallel Workers: 8
 Concurrent Workers: 2
 Concurrent Refinement Workers: 8
 Periodic GC: Disabled
Heap:
 garbage-first heap   total 75776K, used 46651K [0x0000000080000000, 0x0000000100000000)
  region size 1024K, 3 young (3072K), 2 survivors (2048K)
 Metaspace       used 55907K, committed 56448K, reserved 1114112K
  class space    used 7669K, committed 7936K, reserved 1048576K
GC Heap History (20 events):
Event: 10.693 GC heap before
{Heap before GC invocations=9 (full 0):
 garbage-first heap   total 71680K, used 53635K [0x0000000080000000, 0x0000000100000000)
  region size 1024K, 32 young (32768K), 2 survivors (2048K)
 Metaspace       used 40960K, committed 41344K, reserved 1114112K
  class space    used 5418K, committed 5632K, reserved 1048576K
}
Event: 10.701 GC heap after
{Heap after GC invocations=10 (full 0):
 garbage-first heap   total 71680K, used 27876K [0x0000000080000000, 0x0000000100000000)
  region size 1024K, 4 young (4096K), 4 survivors (4096K)
 Metaspace       used 40960K, committed 41344K, reserved 1114112K
  class space    used 5418K, committed 5632K, reserved 1048576K
}
Event: 11.205 GC heap before
{Heap before GC invocations=10 (full 0):
 garbage-first heap   total 71680K, used 55524K [0x0000000080000000, 0x0000000100000000)
  region size 1024K, 30 young (30720K), 4 survivors (4096K)
 Metaspace       used 42709K, committed 43072K, reserved 1114112K
  class space    used 5594K, committed 5760K, reserved 1048576K
}
Event: 11.211 GC heap after
{Heap after GC invocations=11 (full 0):
 garbage-first heap   total 71680K, used 30830K [0x0000000080000000, 0x0000000100000000)
  region size 1024K, 2 young (2048K), 2 survivors (2048K)
 Metaspace       used 42709K, committed 43072K, reserved 1114112K
  class space    used 5594K, committed 5760K, reserved 1048576K
}
Event: 12.104 GC heap before
{Heap before GC invocations=11 (full 0):
 garbage-first heap   total 71680K, used 56430K [0x0000000080000000, 0x0000000100000000)
  region size 1024K, 27 young (27648K), 2 survivors (2048K)
 Metaspace       used 45951K, committed 46336K, reserved 1114112K
  class space    used 6156K, committed 6336K, reserved 1048576K
}
Event: 12.109 GC heap after
{Heap after GC invocations=12 (full 0):
 garbage-first heap   total 71680K, used 31627K [0x0000000080000000, 0x0000000100000000)
  region size 1024K, 4 young (4096K), 4 survivors (4096K)
 Metaspace       used 45951K, committed 46336K, reserved 1114112K
  class space    used 6156K, committed 6336K, reserved 1048576K
}
Event: 13.086 GC heap before
{Heap before GC invocations=12 (full 0):
 garbage-first heap   total 71680K, used 56203K [0x0000000080000000, 0x0000000100000000)
  region size 1024K, 28 young (28672K), 4 survivors (4096K)
 Metaspace       used 49167K, committed 49600K, reserved 1114112K
  class space    used 6637K, committed 6848K, reserved 1048576K
}
Event: 13.090 GC heap after
{Heap after GC invocations=13 (full 0):
 garbage-first heap   total 71680K, used 32653K [0x0000000080000000, 0x0000000100000000)
  region size 1024K, 4 young (4096K), 4 survivors (4096K)
 Metaspace       used 49167K, committed 49600K, reserved 1114112K
  class space    used 6637K, committed 6848K, reserved 1048576K
}
Event: 14.014 GC heap before
{Heap before GC invocations=13 (full 0):
 garbage-first heap   total 71680K, used 56205K [0x0000000080000000, 0x0000000100000000)
  region size 1024K, 27 young (27648K), 4 survivors (4096K)
 Metaspace       used 52278K, committed 52736K, reserved 1114112K
  class space    used 7153K, committed 7360K, reserved 1048576K
}
Event: 14.020 GC heap after
{Heap after GC invocations=14 (full 0):
 garbage-first heap   total 71680K, used 34305K [0x0000000080000000, 0x0000000100000000)
  region size 1024K, 3 young (3072K), 3 survivors (3072K)
 Metaspace       used 52278K, committed 52736K, reserved 1114112K
  class space    used 7153K, committed 7360K, reserved 1048576K
}
Event: 14.950 GC heap before
{Heap before GC invocations=14 (full 0):
 garbage-first heap   total 71680K, used 56833K [0x0000000080000000, 0x0000000100000000)
  region size 1024K, 25 young (25600K), 3 survivors (3072K)
 Metaspace       used 54877K, committed 55360K, reserved 1114112K
  class space    used 7577K, committed 7808K, reserved 1048576K
}
Event: 14.955 GC heap after
{Heap after GC invocations=15 (full 0):
 garbage-first heap   total 71680K, used 35373K [0x0000000080000000, 0x0000000100000000)
  region size 1024K, 3 young (3072K), 3 survivors (3072K)
 Metaspace       used 54877K, committed 55360K, reserved 1114112K
  class space    used 7577K, committed 7808K, reserved 1048576K
}
Event: 16.669 GC heap before
{Heap before GC invocations=16 (full 0):
 garbage-first heap   total 71680K, used 56877K [0x0000000080000000, 0x0000000100000000)
  region size 1024K, 25 young (25600K), 3 survivors (3072K)
 Metaspace       used 55793K, committed 56384K, reserved 1114112K
  class space    used 7659K, committed 7936K, reserved 1048576K
}
Event: 16.679 GC heap after
{Heap after GC invocations=17 (full 0):
 garbage-first heap   total 71680K, used 38164K [0x0000000080000000, 0x0000000100000000)
  region size 1024K, 4 young (4096K), 4 survivors (4096K)
 Metaspace       used 55793K, committed 56384K, reserved 1114112K
  class space    used 7659K, committed 7936K, reserved 1048576K
}
Event: 16.828 GC heap before
{Heap before GC invocations=17 (full 0):
 garbage-first heap   total 71680K, used 40212K [0x0000000080000000, 0x0000000100000000)
  region size 1024K, 7 young (7168K), 4 survivors (4096K)
 Metaspace       used 55863K, committed 56384K, reserved 1114112K
  class space    used 7663K, committed 7936K, reserved 1048576K
}
Event: 16.833 GC heap after
{Heap after GC invocations=18 (full 0):
 garbage-first heap   total 71680K, used 38490K [0x0000000080000000, 0x0000000100000000)
  region size 1024K, 1 young (1024K), 1 survivors (1024K)
 Metaspace       used 55863K, committed 56384K, reserved 1114112K
  class space    used 7663K, committed 7936K, reserved 1048576K
}
Event: 16.958 GC heap before
{Heap before GC invocations=19 (full 0):
 garbage-first heap   total 71680K, used 41562K [0x0000000080000000, 0x0000000100000000)
  region size 1024K, 3 young (3072K), 1 survivors (1024K)
 Metaspace       used 55895K, committed 56448K, reserved 1114112K
  class space    used 7669K, committed 7936K, reserved 1048576K
}
Event: 16.960 GC heap after
{Heap after GC invocations=20 (full 0):
 garbage-first heap   total 71680K, used 41447K [0x0000000080000000, 0x0000000100000000)
  region size 1024K, 2 young (2048K), 2 survivors (2048K)
 Metaspace       used 55895K, committed 56448K, reserved 1114112K
  class space    used 7669K, committed 7936K, reserved 1048576K
}
Event: 17.133 GC heap before
{Heap before GC invocations=21 (full 0):
 garbage-first heap   total 75776K, used 44519K [0x0000000080000000, 0x0000000100000000)
  region size 1024K, 6 young (6144K), 2 survivors (2048K)
 Metaspace       used 55907K, committed 56448K, reserved 1114112K
  class space    used 7669K, committed 7936K, reserved 1048576K
}
Event: 17.136 GC heap after
{Heap after GC invocations=22 (full 0):
 garbage-first heap   total 75776K, used 45627K [0x0000000080000000, 0x0000000100000000)
  region size 1024K, 2 young (2048K), 2 survivors (2048K)
 Metaspace       used 55907K, committed 56448K, reserved 1114112K
  class space    used 7669K, committed 7936K, reserved 1048576K
}

