# JRE version: OpenJDK Runtime Environment (17.0.9) (build 17.0.9+0--11185874)
# Java VM: OpenJDK 64-Bit Server VM (17.0.9+0--11185874, mixed mode, tiered, compressed oops, compressed class ptrs, g1 gc, windows-amd64)
GC Precious Log:
 CPUs: 8 total, 8 available
 Memory: 8038M
 Large Page Support: Disabled
 NUMA Support: Disabled
 Compressed Oops: Enabled (32-bit)
 Heap Region Size: 1M
 Heap Min Capacity: 8M
 Heap Initial Capacity: 126M
 Heap Max Capacity: 2G
 Pre-touch: Disabled
 Parallel Workers: 8
 Concurrent Workers: 2
 Concurrent Refinement Workers: 8
 Periodic GC: Disabled
Heap:
 garbage-first heap   total 480256K, used 361148K [0x0000000080000000, 0x0000000100000000)
  region size 1024K, 43 young (44032K), 13 survivors (13312K)
 Metaspace       used 220953K, committed 222400K, reserved 1245184K
  class space    used 28871K, committed 29568K, reserved 1048576K
GC Heap History (20 events):
Event: 1198.321 GC heap before
{Heap before GC invocations=83 (full 0):
 garbage-first heap   total 480256K, used 385007K [0x0000000080000000, 0x0000000100000000)
  region size 1024K, 128 young (131072K), 3 survivors (3072K)
 Metaspace       used 200314K, committed 201664K, reserved 1245184K
  class space    used 25532K, committed 26240K, reserved 1048576K
}
Event: 1198.342 GC heap after
{Heap after GC invocations=84 (full 0):
 garbage-first heap   total 480256K, used 267989K [0x0000000080000000, 0x0000000100000000)
  region size 1024K, 13 young (13312K), 13 survivors (13312K)
 Metaspace       used 200314K, committed 201664K, reserved 1245184K
  class space    used 25532K, committed 26240K, reserved 1048576K
}
Event: 1201.516 GC heap before
{Heap before GC invocations=84 (full 0):
 garbage-first heap   total 480256K, used 391893K [0x0000000080000000, 0x0000000100000000)
  region size 1024K, 133 young (136192K), 13 survivors (13312K)
 Metaspace       used 200818K, committed 202112K, reserved 1245184K
  class space    used 25576K, committed 26240K, reserved 1048576K
}
Event: 1201.534 GC heap after
{Heap after GC invocations=85 (full 0):
 garbage-first heap   total 480256K, used 263124K [0x0000000080000000, 0x0000000100000000)
  region size 1024K, 3 young (3072K), 3 survivors (3072K)
 Metaspace       used 200818K, committed 202112K, reserved 1245184K
  class space    used 25576K, committed 26240K, reserved 1048576K
}
Event: 1204.852 GC heap before
{Heap before GC invocations=85 (full 0):
 garbage-first heap   total 480256K, used 396244K [0x0000000080000000, 0x0000000100000000)
  region size 1024K, 132 young (135168K), 3 survivors (3072K)
 Metaspace       used 203330K, committed 204736K, reserved 1245184K
  class space    used 25873K, committed 26560K, reserved 1048576K
}
Event: 1204.861 GC heap after
{Heap after GC invocations=86 (full 0):
 garbage-first heap   total 480256K, used 262842K [0x0000000080000000, 0x0000000100000000)
  region size 1024K, 5 young (5120K), 5 survivors (5120K)
 Metaspace       used 203330K, committed 204736K, reserved 1245184K
  class space    used 25873K, committed 26560K, reserved 1048576K
}
Event: 1207.480 GC heap before
{Heap before GC invocations=86 (full 0):
 garbage-first heap   total 480256K, used 401082K [0x0000000080000000, 0x0000000100000000)
  region size 1024K, 141 young (144384K), 5 survivors (5120K)
 Metaspace       used 204038K, committed 205376K, reserved 1245184K
  class space    used 25960K, committed 26624K, reserved 1048576K
}
Event: 1207.493 GC heap after
{Heap after GC invocations=87 (full 0):
 garbage-first heap   total 480256K, used 264814K [0x0000000080000000, 0x0000000100000000)
  region size 1024K, 7 young (7168K), 7 survivors (7168K)
 Metaspace       used 204038K, committed 205376K, reserved 1245184K
  class space    used 25960K, committed 26624K, reserved 1048576K
}
Event: 1208.276 GC heap before
{Heap before GC invocations=87 (full 0):
 garbage-first heap   total 480256K, used 405102K [0x0000000080000000, 0x0000000100000000)
  region size 1024K, 145 young (148480K), 7 survivors (7168K)
 Metaspace       used 204724K, committed 206016K, reserved 1245184K
  class space    used 26044K, committed 26688K, reserved 1048576K
}
Event: 1208.296 GC heap after
{Heap after GC invocations=88 (full 0):
 garbage-first heap   total 480256K, used 268176K [0x0000000080000000, 0x0000000100000000)
  region size 1024K, 10 young (10240K), 10 survivors (10240K)
 Metaspace       used 204724K, committed 206016K, reserved 1245184K
  class space    used 26044K, committed 26688K, reserved 1048576K
}
Event: 1209.545 GC heap before
{Heap before GC invocations=88 (full 0):
 garbage-first heap   total 480256K, used 410512K [0x0000000080000000, 0x0000000100000000)
  region size 1024K, 148 young (151552K), 10 survivors (10240K)
 Metaspace       used 205250K, committed 206528K, reserved 1245184K
  class space    used 26117K, committed 26752K, reserved 1048576K
}
Event: 1209.561 GC heap after
{Heap after GC invocations=89 (full 0):
 garbage-first heap   total 480256K, used 268380K [0x0000000080000000, 0x0000000100000000)
  region size 1024K, 10 young (10240K), 10 survivors (10240K)
 Metaspace       used 205250K, committed 206528K, reserved 1245184K
  class space    used 26117K, committed 26752K, reserved 1048576K
}
Event: 1211.530 GC heap before
{Heap before GC invocations=89 (full 0):
 garbage-first heap   total 480256K, used 411740K [0x0000000080000000, 0x0000000100000000)
  region size 1024K, 151 young (154624K), 10 survivors (10240K)
 Metaspace       used 210710K, committed 212032K, reserved 1245184K
  class space    used 26945K, committed 27584K, reserved 1048576K
}
Event: 1211.592 GC heap after
{Heap after GC invocations=90 (full 0):
 garbage-first heap   total 480256K, used 285646K [0x0000000080000000, 0x0000000100000000)
  region size 1024K, 19 young (19456K), 19 survivors (19456K)
 Metaspace       used 210710K, committed 212032K, reserved 1245184K
  class space    used 26945K, committed 27584K, reserved 1048576K
}
Event: 1213.392 GC heap before
{Heap before GC invocations=90 (full 0):
 garbage-first heap   total 480256K, used 402382K [0x0000000080000000, 0x0000000100000000)
  region size 1024K, 134 young (137216K), 19 survivors (19456K)
 Metaspace       used 213721K, committed 215104K, reserved 1245184K
  class space    used 27443K, committed 28096K, reserved 1048576K
}
Event: 1213.455 GC heap after
{Heap after GC invocations=91 (full 0):
 garbage-first heap   total 480256K, used 303957K [0x0000000080000000, 0x0000000100000000)
  region size 1024K, 17 young (17408K), 17 survivors (17408K)
 Metaspace       used 213721K, committed 215104K, reserved 1245184K
  class space    used 27443K, committed 28096K, reserved 1048576K
}
Event: 1214.477 GC heap before
{Heap before GC invocations=91 (full 0):
 garbage-first heap   total 480256K, used 401237K [0x0000000080000000, 0x0000000100000000)
  region size 1024K, 113 young (115712K), 17 survivors (17408K)
 Metaspace       used 216952K, committed 218304K, reserved 1245184K
  class space    used 28084K, committed 28736K, reserved 1048576K
}
Event: 1214.517 GC heap after
{Heap after GC invocations=92 (full 0):
 garbage-first heap   total 480256K, used 320039K [0x0000000080000000, 0x0000000100000000)
  region size 1024K, 15 young (15360K), 15 survivors (15360K)
 Metaspace       used 216952K, committed 218304K, reserved 1245184K
  class space    used 28084K, committed 28736K, reserved 1048576K
}
Event: 1215.162 GC heap before
{Heap before GC invocations=92 (full 0):
 garbage-first heap   total 480256K, used 402983K [0x0000000080000000, 0x0000000100000000)
  region size 1024K, 97 young (99328K), 15 survivors (15360K)
 Metaspace       used 218752K, committed 220096K, reserved 1245184K
  class space    used 28419K, committed 29056K, reserved 1048576K
}
Event: 1215.199 GC heap after
{Heap after GC invocations=93 (full 0):
 garbage-first heap   total 480256K, used 332476K [0x0000000080000000, 0x0000000100000000)
  region size 1024K, 13 young (13312K), 13 survivors (13312K)
 Metaspace       used 218752K, committed 220096K, reserved 1245184K
  class space    used 28419K, committed 29056K, reserved 1048576K
}

