# JRE version: OpenJDK Runtime Environment (17.0.9) (build 17.0.9+0--11185874)
# Java VM: OpenJDK 64-Bit Server VM (17.0.9+0--11185874, mixed mode, tiered, compressed oops, compressed class ptrs, g1 gc, windows-amd64)
GC Precious Log:
 CPUs: 8 total, 8 available
 Memory: 8038M
 Large Page Support: Disabled
 NUMA Support: Disabled
 Compressed Oops: Enabled (32-bit)
 Heap Region Size: 1M
 Heap Min Capacity: 8M
 Heap Initial Capacity: 126M
 Heap Max Capacity: 2G
 Pre-touch: Disabled
 Parallel Workers: 8
 Concurrent Workers: 2
 Concurrent Refinement Workers: 8
 Periodic GC: Disabled
Heap:
 garbage-first heap   total 373760K, used 261412K [0x0000000080000000, 0x0000000100000000)
  region size 1024K, 10 young (10240K), 10 survivors (10240K)
 Metaspace       used 200916K, committed 202048K, reserved 1245184K
  class space    used 25425K, committed 25984K, reserved 1048576K
GC Heap History (20 events):
Event: 52.255 GC heap after
{Heap after GC invocations=71 (full 0):
 garbage-first heap   total 337920K, used 212165K [0x0000000080000000, 0x0000000100000000)
  region size 1024K, 1 young (1024K), 1 survivors (1024K)
 Metaspace       used 185772K, committed 186688K, reserved 1245184K
  class space    used 23982K, committed 24448K, reserved 1048576K
}
Event: 59.738 GC heap before
{Heap before GC invocations=72 (full 0):
 garbage-first heap   total 373760K, used 291013K [0x0000000080000000, 0x0000000100000000)
  region size 1024K, 79 young (80896K), 1 survivors (1024K)
 Metaspace       used 189976K, committed 190976K, reserved 1245184K
  class space    used 24369K, committed 24832K, reserved 1048576K
}
Event: 59.744 GC heap after
{Heap after GC invocations=73 (full 0):
 garbage-first heap   total 373760K, used 214602K [0x0000000080000000, 0x0000000100000000)
  region size 1024K, 5 young (5120K), 5 survivors (5120K)
 Metaspace       used 189976K, committed 190976K, reserved 1245184K
  class space    used 24369K, committed 24832K, reserved 1048576K
}
Event: 59.832 GC heap before
{Heap before GC invocations=73 (full 0):
 garbage-first heap   total 373760K, used 226890K [0x0000000080000000, 0x0000000100000000)
  region size 1024K, 18 young (18432K), 5 survivors (5120K)
 Metaspace       used 189991K, committed 190976K, reserved 1245184K
  class space    used 24369K, committed 24832K, reserved 1048576K
}
Event: 59.845 GC heap after
{Heap after GC invocations=74 (full 0):
 garbage-first heap   total 373760K, used 205822K [0x0000000080000000, 0x0000000100000000)
  region size 1024K, 1 young (1024K), 1 survivors (1024K)
 Metaspace       used 189991K, committed 190976K, reserved 1245184K
  class space    used 24369K, committed 24832K, reserved 1048576K
}
Event: 62.356 GC heap before
{Heap before GC invocations=74 (full 0):
 garbage-first heap   total 373760K, used 322558K [0x0000000080000000, 0x0000000100000000)
  region size 1024K, 116 young (118784K), 1 survivors (1024K)
 Metaspace       used 190583K, committed 191552K, reserved 1245184K
  class space    used 24426K, committed 24896K, reserved 1048576K
}
Event: 62.361 GC heap after
{Heap after GC invocations=75 (full 0):
 garbage-first heap   total 373760K, used 208837K [0x0000000080000000, 0x0000000100000000)
  region size 1024K, 4 young (4096K), 4 survivors (4096K)
 Metaspace       used 190583K, committed 191552K, reserved 1245184K
  class space    used 24426K, committed 24896K, reserved 1048576K
}
Event: 67.718 GC heap before
{Heap before GC invocations=76 (full 0):
 garbage-first heap   total 373760K, used 321477K [0x0000000080000000, 0x0000000100000000)
  region size 1024K, 115 young (117760K), 4 survivors (4096K)
 Metaspace       used 196166K, committed 197184K, reserved 1245184K
  class space    used 25098K, committed 25600K, reserved 1048576K
}
Event: 67.729 GC heap after
{Heap after GC invocations=77 (full 0):
 garbage-first heap   total 373760K, used 215146K [0x0000000080000000, 0x0000000100000000)
  region size 1024K, 10 young (10240K), 10 survivors (10240K)
 Metaspace       used 196166K, committed 197184K, reserved 1245184K
  class space    used 25098K, committed 25600K, reserved 1048576K
}
Event: 67.836 GC heap before
{Heap before GC invocations=77 (full 0):
 garbage-first heap   total 373760K, used 222314K [0x0000000080000000, 0x0000000100000000)
  region size 1024K, 18 young (18432K), 10 survivors (10240K)
 Metaspace       used 197187K, committed 198272K, reserved 1245184K
  class space    used 25194K, committed 25728K, reserved 1048576K
}
Event: 67.890 GC heap after
{Heap after GC invocations=78 (full 0):
 garbage-first heap   total 373760K, used 211294K [0x0000000080000000, 0x0000000100000000)
  region size 1024K, 2 young (2048K), 2 survivors (2048K)
 Metaspace       used 197187K, committed 198272K, reserved 1245184K
  class space    used 25194K, committed 25728K, reserved 1048576K
}
Event: 4231.960 GC heap before
{Heap before GC invocations=78 (full 0):
 garbage-first heap   total 373760K, used 319838K [0x0000000080000000, 0x0000000100000000)
  region size 1024K, 109 young (111616K), 2 survivors (2048K)
 Metaspace       used 199463K, committed 200512K, reserved 1245184K
  class space    used 25370K, committed 25920K, reserved 1048576K
}
Event: 4232.050 GC heap after
{Heap after GC invocations=79 (full 0):
 garbage-first heap   total 373760K, used 210891K [0x0000000080000000, 0x0000000100000000)
  region size 1024K, 1 young (1024K), 1 survivors (1024K)
 Metaspace       used 199463K, committed 200512K, reserved 1245184K
  class space    used 25370K, committed 25920K, reserved 1048576K
}
Event: 4235.243 GC heap before
{Heap before GC invocations=79 (full 0):
 garbage-first heap   total 373760K, used 337867K [0x0000000080000000, 0x0000000100000000)
  region size 1024K, 111 young (113664K), 1 survivors (1024K)
 Metaspace       used 199771K, committed 200896K, reserved 1245184K
  class space    used 25393K, committed 25920K, reserved 1048576K
}
Event: 4235.315 GC heap after
{Heap after GC invocations=80 (full 0):
 garbage-first heap   total 373760K, used 235925K [0x0000000080000000, 0x0000000100000000)
  region size 1024K, 14 young (14336K), 14 survivors (14336K)
 Metaspace       used 199771K, committed 200896K, reserved 1245184K
  class space    used 25393K, committed 25920K, reserved 1048576K
}
Event: 4235.794 GC heap before
{Heap before GC invocations=80 (full 0):
 garbage-first heap   total 373760K, used 257429K [0x0000000080000000, 0x0000000100000000)
  region size 1024K, 35 young (35840K), 14 survivors (14336K)
 Metaspace       used 200079K, committed 201216K, reserved 1245184K
  class space    used 25399K, committed 25920K, reserved 1048576K
}
Event: 4235.816 GC heap after
{Heap after GC invocations=81 (full 0):
 garbage-first heap   total 373760K, used 240863K [0x0000000080000000, 0x0000000100000000)
  region size 1024K, 5 young (5120K), 5 survivors (5120K)
 Metaspace       used 200079K, committed 201216K, reserved 1245184K
  class space    used 25399K, committed 25920K, reserved 1048576K
}
Event: 4236.212 GC heap before
{Heap before GC invocations=81 (full 0):
 garbage-first heap   total 373760K, used 312543K [0x0000000080000000, 0x0000000100000000)
  region size 1024K, 74 young (75776K), 5 survivors (5120K)
 Metaspace       used 200342K, committed 201472K, reserved 1245184K
  class space    used 25399K, committed 25920K, reserved 1048576K
}
Event: 4236.224 GC heap after
{Heap after GC invocations=82 (full 0):
 garbage-first heap   total 373760K, used 249856K [0x0000000080000000, 0x0000000100000000)
  region size 1024K, 10 young (10240K), 10 survivors (10240K)
 Metaspace       used 200342K, committed 201472K, reserved 1245184K
  class space    used 25399K, committed 25920K, reserved 1048576K
}
Event: 4237.779 GC heap before
{Heap before GC invocations=82 (full 0):
 garbage-first heap   total 373760K, used 313344K [0x0000000080000000, 0x0000000100000000)
  region size 1024K, 73 young (74752K), 10 survivors (10240K)
 Metaspace       used 200916K, committed 202048K, reserved 1245184K
  class space    used 25425K, committed 25984K, reserved 1048576K
}

